<?xml version="1.0" encoding="utf-8"?><testsuites name="pytest tests"><testsuite name="pytest" errors="0" failures="0" skipped="0" tests="10" time="6.444" timestamp="2026-08-06T15:09:59.479331+00:00" hostname="agent-env-7eff6102-3edc-4b56-97b5-de951ec21fba"><testcase classname="tests.test_halalmart_api.TestAuth" name="test_login_invalid" time="0.403" /><testcase classname="tests.test_halalmart_api.TestMedia" name="test_upload_list_serve_delete" time="1.748" /><testcase classname="tests.test_halalmart_api.TestAuth" name="test_me" time="0.736" /><testcase classname="tests.test_halalmart_api.TestAuth" name="test_me_no_token" time="0.120" /><testcase classname="tests.test_halalmart_api.TestAuth" name="test_logout" time="0.250" /><testcase classname="tests.test_halalmart_api.TestFullFlow" name="test_tv_playlist_campaign_display" time="2.379" /><testcase classname="tests.test_halalmart_api.TestMedia" name="test_media_requires_auth" time="0.162" /><testcase classname="tests.test_halalmart_api.TestDashboard" name="test_stats" time="0.142" /><testcase classname="tests.test_halalmart_api.TestSettings" name="test_get_update" time="0.360" /><testcase classname="tests.test_halalmart_api.TestRealtime" name="test_ws_marks_online" time="1.693" /></testsuite></testsuites>