<?xml version="1.0" encoding="utf-8"?><testsuites name="pytest tests"><testsuite name="pytest" errors="0" failures="0" skipped="0" tests="10" time="38.874" timestamp="2026-08-06T14:16:13.600360+00:00" hostname="agent-env-7eff6102-3edc-4b56-97b5-de951ec21fba"><testcase classname="tests.test_halalmart_api.TestAuth" name="test_login_invalid" time="0.748" /><testcase classname="tests.test_halalmart_api.TestMedia" name="test_upload_list_serve_delete" time="33.070" /><testcase classname="tests.test_halalmart_api.TestAuth" name="test_me" time="0.613" /><testcase classname="tests.test_halalmart_api.TestAuth" name="test_me_no_token" time="0.129" /><testcase classname="tests.test_halalmart_api.TestAuth" name="test_logout" time="0.142" /><testcase classname="tests.test_halalmart_api.TestFullFlow" name="test_tv_playlist_campaign_display" time="34.664" /><testcase classname="tests.test_halalmart_api.TestMedia" name="test_media_requires_auth" time="0.136" /><testcase classname="tests.test_halalmart_api.TestDashboard" name="test_stats" time="0.145" /><testcase classname="tests.test_halalmart_api.TestSettings" name="test_get_update" time="0.368" /><testcase classname="tests.test_halalmart_api.TestRealtime" name="test_ws_marks_online" time="1.706" /></testsuite></testsuites>